<?xml version="1.0" encoding="UTF-8"?>
<testsuite xmlns:xsi="http://www.w3.org/2001/XMLSchema-instance" xsi:noNamespaceSchemaLocation="https://maven.apache.org/surefire/maven-surefire-plugin/xsd/surefire-test-report.xsd" name="com.teste.TesteRanking" time="0.007" tests="6" errors="0" skipped="0" failures="0">
  <properties>
[...]
</properties>
  <testcase name="testGetScore" classname="com.teste.TesteRanking" time="0"/>
  <testcase name="testAdd" classname="com.teste.TesteRanking" time="0"/>
  <testcase name="testAdd2" classname="com.teste.TesteRanking" time="0"/>
  <testcase name="testNumRecords" classname="com.teste.TesteRanking" time="0"/>
  <testcase name="testBestScore" classname="com.teste.TesteRanking" time="0"/>
  <testcase name="testWorstScore" classname="com.teste.TesteRanking" time="0"/>
</testsuite>